<?xml version="1.0" encoding="UTF-8"?>
<testsuite xmlns:xsi="http://www.w3.org/2001/XMLSchema-instance" xsi:noNamespaceSchemaLocation="https://maven.apache.org/surefire/maven-surefire-plugin/xsd/surefire-test-report-3.0.xsd" version="3.0" name="ec.edu.utpl.ti.pintegrativa.microservices.biblioteca.MainTest" time="0.462" tests="1" errors="0" skipped="0" failures="0">
  <properties>
[...]
</properties>
  <testcase name="testHelloWorld" classname="ec.edu.utpl.ti.pintegrativa.microservices.biblioteca.MainTest" time="0.107">
    <system-out><![CDATA[2024.05.23 14:37:38 INFO io.helidon.common.LogConfig Thread[#1,main,5,main]: Logging at initialization configured using D:\User Files\GitHub\UTPL\8c_pi\microservices\target\classes\logging.properties
2024.05.23 14:37:38 INFO io.helidon.common.HelidonFeatures Thread[#33,features-thread,5,main]: Helidon SE 2.3.2 features: [Config, Health, Metrics, Web Client, WebServer]
2024.05.23 14:37:38 INFO io.helidon.common.HelidonFeatures.experimental Thread[#33,features-thread,5,main]: You are using experimental features. These APIs may change, please follow changelog!
2024.05.23 14:37:38 INFO io.helidon.common.HelidonFeatures.experimental Thread[#33,features-thread,5,main]: 	Experimental feature: Web Client (WebClient)
2024.05.23 14:37:38 INFO io.helidon.webserver.NettyWebServer Thread[#34,nioEventLoopGroup-2-1,10,main]: Channel '@default' started: [id: 0x49e7cdf3, L:/[0:0:0:0:0:0:0:0]:8080]
WEB server is up! http://localhost:8080/greet
]]></system-out>
    <system-err><![CDATA[SLF4J: Failed to load class "org.slf4j.impl.StaticLoggerBinder".
SLF4J: Defaulting to no-operation (NOP) logger implementation
SLF4J: See http://www.slf4j.org/codes.html#StaticLoggerBinder for further details.
]]></system-err>
  </testcase>
</testsuite>